2019-03-18 13:31:20 139903926287488 [Note] InnoDB: innodb_empty_free_list_algorithm has been changed to legacy because of small buffer pool size. In order to use backoff, increase buffer pool at least up to 20MB.

2019-03-18 13:31:20 139903926287488 [Note] InnoDB: Using mutexes to ref count buffer pool pages
2019-03-18 13:31:20 139903926287488 [Note] InnoDB: The InnoDB memory heap is disabled
2019-03-18 13:31:20 139903926287488 [Note] InnoDB: Mutexes and rw_locks use GCC atomic builtins
2019-03-18 13:31:20 139903926287488 [Note] InnoDB: GCC builtin __atomic_thread_fence() is used for memory barrier
2019-03-18 13:31:20 139903926287488 [Note] InnoDB: Compressed tables use zlib 1.2.11
2019-03-18 13:31:20 139903926287488 [Note] InnoDB: Using Linux native AIO
2019-03-18 13:31:20 139903926287488 [Note] InnoDB: Using SSE crc32 instructions
2019-03-18 13:31:20 139903926287488 [Note] InnoDB: Initializing buffer pool, size = 128.0M
2019-03-18 13:31:20 139903926287488 [Note] InnoDB: Completed initialization of buffer pool
2019-03-18 13:31:21 139903926287488 [Note] InnoDB: The first specified data file ./ibdata1 did not exist: a new database to be created!
2019-03-18 13:31:21 139903926287488 [Note] InnoDB: Setting file ./ibdata1 size to 12 MB
2019-03-18 13:31:21 139903926287488 [Note] InnoDB: Setting log file ./ib_logfile101 size to 48 MB
2019-03-18 13:31:21 139903926287488 [Note] InnoDB: Setting log file ./ib_logfile1 size to 48 MB
2019-03-18 13:31:22 139903926287488 [Note] InnoDB: Renaming log file ./ib_logfile101 to ./ib_logfile0
2019-03-18 13:31:22 139903926287488 [Warning] InnoDB: New log files created, LSN=45781
2019-03-18 13:31:22 139903926287488 [Note] InnoDB: Doublewrite buffer not found: creating new
2019-03-18 13:31:22 139903926287488 [Note] InnoDB: Doublewrite buffer created
2019-03-18 13:31:22 139903926287488 [Note] InnoDB: 128 rollback segment(s) are active.
2019-03-18 13:31:22 139903926287488 [Warning] InnoDB: Creating foreign key constraint system tables.
2019-03-18 13:31:22 139903926287488 [Note] InnoDB: Foreign key constraint system tables created
2019-03-18 13:31:22 139903926287488 [Note] InnoDB: Creating tablespace and datafile system tables.
2019-03-18 13:31:22 139903926287488 [Note] InnoDB: Tablespace and datafile system tables created.
2019-03-18 13:31:22 139903926287488 [Note] InnoDB: Waiting for purge to start
2019-03-18 13:31:22 139903926287488 [Note] InnoDB:  Percona XtraDB (http://www.percona.com) 5.6.42-84.2 started; log sequence number 0
2019-03-18 13:31:22 139903266453248 [Note] InnoDB: Dumping buffer pool(s) not yet started
2019-03-18 13:31:25 140568336571520 [Note] InnoDB: innodb_empty_free_list_algorithm has been changed to legacy because of small buffer pool size. In order to use backoff, increase buffer pool at least up to 20MB.

2019-03-18 13:31:25 140568336571520 [Note] InnoDB: Using mutexes to ref count buffer pool pages
2019-03-18 13:31:25 140568336571520 [Note] InnoDB: The InnoDB memory heap is disabled
2019-03-18 13:31:25 140568336571520 [Note] InnoDB: Mutexes and rw_locks use GCC atomic builtins
2019-03-18 13:31:25 140568336571520 [Note] InnoDB: GCC builtin __atomic_thread_fence() is used for memory barrier
2019-03-18 13:31:25 140568336571520 [Note] InnoDB: Compressed tables use zlib 1.2.11
2019-03-18 13:31:25 140568336571520 [Note] InnoDB: Using Linux native AIO
2019-03-18 13:31:25 140568336571520 [Note] InnoDB: Using SSE crc32 instructions
2019-03-18 13:31:25 140568336571520 [Note] InnoDB: Initializing buffer pool, size = 128.0M
2019-03-18 13:31:25 140568336571520 [Note] InnoDB: Completed initialization of buffer pool
2019-03-18 13:31:25 140568336571520 [Note] InnoDB: Highest supported file format is Barracuda.
2019-03-18 13:31:25 140568336571520 [Note] InnoDB: 128 rollback segment(s) are active.
2019-03-18 13:31:25 140568336571520 [Note] InnoDB: Waiting for purge to start
2019-03-18 13:31:25 140568336571520 [Note] InnoDB:  Percona XtraDB (http://www.percona.com) 5.6.42-84.2 started; log sequence number 1616697
2019-03-18 13:31:25 140567673566976 [Note] InnoDB: Dumping buffer pool(s) not yet started
2019-03-18 13:31:28 139832266275968 [Note] InnoDB: innodb_empty_free_list_algorithm has been changed to legacy because of small buffer pool size. In order to use backoff, increase buffer pool at least up to 20MB.

2019-03-18 13:31:28 139832266275968 [Note] InnoDB: Using mutexes to ref count buffer pool pages
2019-03-18 13:31:28 139832266275968 [Note] InnoDB: The InnoDB memory heap is disabled
2019-03-18 13:31:28 139832266275968 [Note] InnoDB: Mutexes and rw_locks use GCC atomic builtins
2019-03-18 13:31:28 139832266275968 [Note] InnoDB: GCC builtin __atomic_thread_fence() is used for memory barrier
2019-03-18 13:31:28 139832266275968 [Note] InnoDB: Compressed tables use zlib 1.2.11
2019-03-18 13:31:28 139832266275968 [Note] InnoDB: Using Linux native AIO
2019-03-18 13:31:28 139832266275968 [Note] InnoDB: Using SSE crc32 instructions
2019-03-18 13:31:28 139832266275968 [Note] InnoDB: Initializing buffer pool, size = 128.0M
2019-03-18 13:31:28 139832266275968 [Note] InnoDB: Completed initialization of buffer pool
2019-03-18 13:31:28 139832266275968 [Note] InnoDB: Highest supported file format is Barracuda.
2019-03-18 13:31:28 139832266275968 [Note] InnoDB: 128 rollback segment(s) are active.
2019-03-18 13:31:28 139832266275968 [Note] InnoDB: Waiting for purge to start
2019-03-18 13:31:28 139832266275968 [Note] InnoDB:  Percona XtraDB (http://www.percona.com) 5.6.42-84.2 started; log sequence number 1616707
2019-03-18 13:31:28 139831606769408 [Note] InnoDB: Dumping buffer pool(s) not yet started
2019-03-18 13:31:31 140441307548800 [Note] InnoDB: innodb_empty_free_list_algorithm has been changed to legacy because of small buffer pool size. In order to use backoff, increase buffer pool at least up to 20MB.

2019-03-18 13:31:31 140441307548800 [Note] InnoDB: Using mutexes to ref count buffer pool pages
2019-03-18 13:31:31 140441307548800 [Note] InnoDB: The InnoDB memory heap is disabled
2019-03-18 13:31:31 140441307548800 [Note] InnoDB: Mutexes and rw_locks use GCC atomic builtins
2019-03-18 13:31:31 140441307548800 [Note] InnoDB: GCC builtin __atomic_thread_fence() is used for memory barrier
2019-03-18 13:31:31 140441307548800 [Note] InnoDB: Compressed tables use zlib 1.2.11
2019-03-18 13:31:31 140441307548800 [Note] InnoDB: Using Linux native AIO
2019-03-18 13:31:31 140441307548800 [Note] InnoDB: Using SSE crc32 instructions
2019-03-18 13:31:31 140441307548800 [Note] InnoDB: Initializing buffer pool, size = 128.0M
2019-03-18 13:31:31 140441307548800 [Note] InnoDB: Completed initialization of buffer pool
2019-03-18 13:31:32 140441307548800 [Note] InnoDB: Highest supported file format is Barracuda.
2019-03-18 13:31:32 140441307548800 [Note] InnoDB: 128 rollback segment(s) are active.
2019-03-18 13:31:32 140441307548800 [Note] InnoDB: Waiting for purge to start
2019-03-18 13:31:32 140441307548800 [Note] InnoDB:  Percona XtraDB (http://www.percona.com) 5.6.42-84.2 started; log sequence number 1616717
2019-03-18 13:31:32 140441307548800 [Note] Plugin 'FEEDBACK' is disabled.
2019-03-18 13:31:32 140440644871936 [Note] InnoDB: Dumping buffer pool(s) not yet started
2019-03-18 13:31:37 140144334290048 [Note] InnoDB: innodb_empty_free_list_algorithm has been changed to legacy because of small buffer pool size. In order to use backoff, increase buffer pool at least up to 20MB.

2019-03-18 13:31:37 140144334290048 [Note] InnoDB: Using mutexes to ref count buffer pool pages
2019-03-18 13:31:37 140144334290048 [Note] InnoDB: The InnoDB memory heap is disabled
2019-03-18 13:31:37 140144334290048 [Note] InnoDB: Mutexes and rw_locks use GCC atomic builtins
2019-03-18 13:31:37 140144334290048 [Note] InnoDB: GCC builtin __atomic_thread_fence() is used for memory barrier
2019-03-18 13:31:37 140144334290048 [Note] InnoDB: Compressed tables use zlib 1.2.11
2019-03-18 13:31:37 140144334290048 [Note] InnoDB: Using Linux native AIO
2019-03-18 13:31:37 140144334290048 [Note] InnoDB: Using SSE crc32 instructions
2019-03-18 13:31:37 140144334290048 [Note] InnoDB: Initializing buffer pool, size = 128.0M
2019-03-18 13:31:37 140144334290048 [Note] InnoDB: Completed initialization of buffer pool
2019-03-18 13:31:37 140144334290048 [Note] InnoDB: Highest supported file format is Barracuda.
2019-03-18 13:31:37 140144334290048 [Note] InnoDB: 128 rollback segment(s) are active.
2019-03-18 13:31:37 140144334290048 [Note] InnoDB: Waiting for purge to start
2019-03-18 13:31:37 140144334290048 [Note] InnoDB:  Percona XtraDB (http://www.percona.com) 5.6.42-84.2 started; log sequence number 1616727
2019-03-18 13:31:37 140144334290048 [Note] Plugin 'FEEDBACK' is disabled.
2019-03-18 13:31:37 140143671375616 [Note] InnoDB: Dumping buffer pool(s) not yet started
2019-03-18 13:31:37 140144334290048 [Note] Server socket created on IP: '127.0.0.1'.
2019-03-18 13:31:37 140144334290048 [Note] /usr/sbin/mysqld: ready for connections.
Version: '10.1.38-MariaDB-0ubuntu0.18.04.1'  socket: '/var/run/mysqld/mysqld.sock'  port: 3306  Ubuntu 18.04
2019-03-18 14:00:21 140144333444864 [Note] /usr/sbin/mysqld: Normal shutdown
2019-03-18 14:00:21 140144333444864 [Note] Event Scheduler: Purging the queue. 0 events
2019-03-18 14:00:21 140143730071296 [Note] InnoDB: FTS optimize thread exiting.
2019-03-18 14:00:21 140144333444864 [Note] InnoDB: Starting shutdown...
2019-03-18 14:00:22 140144333444864 [Note] InnoDB: Waiting for page_cleaner to finish flushing of buffer pool
2019-03-18 14:00:23 140144333444864 [Note] InnoDB: Shutdown completed; log sequence number 1616737
2019-03-18 14:00:23 140144333444864 [Note] /usr/sbin/mysqld: Shutdown complete

2019-03-18 15:01:07 140571875933312 [Note] InnoDB: innodb_empty_free_list_algorithm has been changed to legacy because of small buffer pool size. In order to use backoff, increase buffer pool at least up to 20MB.

2019-03-18 15:01:07 140571875933312 [Note] InnoDB: Using mutexes to ref count buffer pool pages
2019-03-18 15:01:07 140571875933312 [Note] InnoDB: The InnoDB memory heap is disabled
2019-03-18 15:01:07 140571875933312 [Note] InnoDB: Mutexes and rw_locks use GCC atomic builtins
2019-03-18 15:01:07 140571875933312 [Note] InnoDB: GCC builtin __atomic_thread_fence() is used for memory barrier
2019-03-18 15:01:07 140571875933312 [Note] InnoDB: Compressed tables use zlib 1.2.11
2019-03-18 15:01:07 140571875933312 [Note] InnoDB: Using Linux native AIO
2019-03-18 15:01:07 140571875933312 [Note] InnoDB: Using SSE crc32 instructions
2019-03-18 15:01:07 140571875933312 [Note] InnoDB: Initializing buffer pool, size = 128.0M
2019-03-18 15:01:07 140571875933312 [Note] InnoDB: Completed initialization of buffer pool
2019-03-18 15:01:08 140571875933312 [Note] InnoDB: Highest supported file format is Barracuda.
2019-03-18 15:01:08 140571875933312 [Note] InnoDB: 128 rollback segment(s) are active.
2019-03-18 15:01:08 140571875933312 [Note] InnoDB: Waiting for purge to start
2019-03-18 15:01:08 140571875933312 [Note] InnoDB:  Percona XtraDB (http://www.percona.com) 5.6.42-84.2 started; log sequence number 1616737
2019-03-18 15:01:08 140571875933312 [Note] Plugin 'FEEDBACK' is disabled.
2019-03-18 15:01:08 140571221944064 [Note] InnoDB: Dumping buffer pool(s) not yet started
2019-03-18 15:01:08 140571875933312 [Note] Server socket created on IP: '127.0.0.1'.
2019-03-18 15:01:08 140571875933312 [Note] /usr/sbin/mysqld: ready for connections.
Version: '10.1.38-MariaDB-0ubuntu0.18.04.1'  socket: '/var/run/mysqld/mysqld.sock'  port: 3306  Ubuntu 18.04
2019-03-19 18:45:15 140571875088128 [Note] /usr/sbin/mysqld: Normal shutdown
2019-03-19 18:45:15 140571875088128 [Note] Event Scheduler: Purging the queue. 0 events
2019-03-19 18:45:15 140571272255232 [Note] InnoDB: FTS optimize thread exiting.
2019-03-19 18:45:15 140571875088128 [Note] InnoDB: Starting shutdown...
2019-03-19 18:45:16 140571875088128 [Note] InnoDB: Waiting for page_cleaner to finish flushing of buffer pool
2019-03-19 18:45:18 140571875088128 [Note] InnoDB: Shutdown completed; log sequence number 1616747
2019-03-19 18:45:18 140571875088128 [Note] /usr/sbin/mysqld: Shutdown complete

2019-03-19 18:45:19 140191783541888 [Note] InnoDB: innodb_empty_free_list_algorithm has been changed to legacy because of small buffer pool size. In order to use backoff, increase buffer pool at least up to 20MB.

2019-03-19 18:45:19 140191783541888 [Note] InnoDB: Using mutexes to ref count buffer pool pages
2019-03-19 18:45:19 140191783541888 [Note] InnoDB: The InnoDB memory heap is disabled
2019-03-19 18:45:19 140191783541888 [Note] InnoDB: Mutexes and rw_locks use GCC atomic builtins
2019-03-19 18:45:19 140191783541888 [Note] InnoDB: GCC builtin __atomic_thread_fence() is used for memory barrier
2019-03-19 18:45:19 140191783541888 [Note] InnoDB: Compressed tables use zlib 1.2.11
2019-03-19 18:45:19 140191783541888 [Note] InnoDB: Using Linux native AIO
2019-03-19 18:45:19 140191783541888 [Note] InnoDB: Using SSE crc32 instructions
2019-03-19 18:45:19 140191783541888 [Note] InnoDB: Initializing buffer pool, size = 128.0M
2019-03-19 18:45:19 140191783541888 [Note] InnoDB: Completed initialization of buffer pool
2019-03-19 18:45:19 140191783541888 [Note] InnoDB: Highest supported file format is Barracuda.
2019-03-19 18:45:19 140191783541888 [Note] InnoDB: 128 rollback segment(s) are active.
2019-03-19 18:45:19 140191783541888 [Note] InnoDB: Waiting for purge to start
2019-03-19 18:45:19 140191783541888 [Note] InnoDB:  Percona XtraDB (http://www.percona.com) 5.6.42-84.2 started; log sequence number 1616747
2019-03-19 18:45:19 140191125731072 [Note] InnoDB: Dumping buffer pool(s) not yet started
2019-03-19 18:45:19 140191783541888 [Note] Plugin 'FEEDBACK' is disabled.
2019-03-19 18:45:19 140191783541888 [Note] Server socket created on IP: '127.0.0.1'.
2019-03-19 18:45:19 140191783541888 [Note] /usr/sbin/mysqld: ready for connections.
Version: '10.1.38-MariaDB-0ubuntu0.18.04.1'  socket: '/var/run/mysqld/mysqld.sock'  port: 3306  Ubuntu 18.04
2019-03-19 18:45:29 140191782696704 [Note] /usr/sbin/mysqld: Normal shutdown
2019-03-19 18:45:29 140191782696704 [Note] Event Scheduler: Purging the queue. 0 events
2019-03-19 18:45:29 140191180232448 [Note] InnoDB: FTS optimize thread exiting.
2019-03-19 18:45:29 140191782696704 [Note] InnoDB: Starting shutdown...
2019-03-19 18:45:29 140191782696704 [Note] InnoDB: Waiting for page_cleaner to finish flushing of buffer pool
2019-03-19 18:45:31 140191782696704 [Note] InnoDB: Shutdown completed; log sequence number 1616757
2019-03-19 18:45:31 140191782696704 [Note] /usr/sbin/mysqld: Shutdown complete

2019-03-19 18:45:31 139627337481344 [Note] InnoDB: innodb_empty_free_list_algorithm has been changed to legacy because of small buffer pool size. In order to use backoff, increase buffer pool at least up to 20MB.

2019-03-19 18:45:32 139627337481344 [Note] InnoDB: Using mutexes to ref count buffer pool pages
2019-03-19 18:45:32 139627337481344 [Note] InnoDB: The InnoDB memory heap is disabled
2019-03-19 18:45:32 139627337481344 [Note] InnoDB: Mutexes and rw_locks use GCC atomic builtins
2019-03-19 18:45:32 139627337481344 [Note] InnoDB: GCC builtin __atomic_thread_fence() is used for memory barrier
2019-03-19 18:45:32 139627337481344 [Note] InnoDB: Compressed tables use zlib 1.2.11
2019-03-19 18:45:32 139627337481344 [Note] InnoDB: Using Linux native AIO
2019-03-19 18:45:32 139627337481344 [Note] InnoDB: Using SSE crc32 instructions
2019-03-19 18:45:32 139627337481344 [Note] InnoDB: Initializing buffer pool, size = 128.0M
2019-03-19 18:45:32 139627337481344 [Note] InnoDB: Completed initialization of buffer pool
2019-03-19 18:45:32 139627337481344 [Note] InnoDB: Highest supported file format is Barracuda.
2019-03-19 18:45:32 139627337481344 [Note] InnoDB: 128 rollback segment(s) are active.
2019-03-19 18:45:32 139627337481344 [Note] InnoDB: Waiting for purge to start
2019-03-19 18:45:32 139627337481344 [Note] InnoDB:  Percona XtraDB (http://www.percona.com) 5.6.42-84.2 started; log sequence number 1616757
2019-03-19 18:45:32 139627337481344 [Note] Plugin 'FEEDBACK' is disabled.
2019-03-19 18:45:32 139626677266176 [Note] InnoDB: Dumping buffer pool(s) not yet started
2019-03-19 18:45:32 139627337481344 [Note] Server socket created on IP: '127.0.0.1'.
2019-03-19 18:45:32 139627337481344 [Note] /usr/sbin/mysqld: ready for connections.
Version: '10.1.38-MariaDB-0ubuntu0.18.04.1'  socket: '/var/run/mysqld/mysqld.sock'  port: 3306  Ubuntu 18.04
2019-03-19 18:55:15 139627336636160 [Note] /usr/sbin/mysqld: Normal shutdown
2019-03-19 18:55:15 139627336636160 [Note] Event Scheduler: Purging the queue. 0 events
2019-03-19 18:55:15 139626723407616 [Note] InnoDB: FTS optimize thread exiting.
2019-03-19 18:55:15 139627336636160 [Note] InnoDB: Starting shutdown...
2019-03-19 18:55:15 139627336636160 [Note] InnoDB: Waiting for page_cleaner to finish flushing of buffer pool
2019-03-19 18:55:17 139627336636160 [Note] InnoDB: Shutdown completed; log sequence number 1616767
2019-03-19 18:55:17 139627336636160 [Note] /usr/sbin/mysqld: Shutdown complete

2019-03-19 18:55:18 140661550427264 [Note] InnoDB: innodb_empty_free_list_algorithm has been changed to legacy because of small buffer pool size. In order to use backoff, increase buffer pool at least up to 20MB.

2019-03-19 18:55:18 140661550427264 [Note] InnoDB: Using mutexes to ref count buffer pool pages
2019-03-19 18:55:18 140661550427264 [Note] InnoDB: The InnoDB memory heap is disabled
2019-03-19 18:55:18 140661550427264 [Note] InnoDB: Mutexes and rw_locks use GCC atomic builtins
2019-03-19 18:55:18 140661550427264 [Note] InnoDB: GCC builtin __atomic_thread_fence() is used for memory barrier
2019-03-19 18:55:18 140661550427264 [Note] InnoDB: Compressed tables use zlib 1.2.11
2019-03-19 18:55:18 140661550427264 [Note] InnoDB: Using Linux native AIO
2019-03-19 18:55:18 140661550427264 [Note] InnoDB: Using SSE crc32 instructions
2019-03-19 18:55:18 140661550427264 [Note] InnoDB: Initializing buffer pool, size = 128.0M
2019-03-19 18:55:18 140661550427264 [Note] InnoDB: Completed initialization of buffer pool
2019-03-19 18:55:18 140661550427264 [Note] InnoDB: Highest supported file format is Barracuda.
2019-03-19 18:55:18 140661550427264 [Note] InnoDB: 128 rollback segment(s) are active.
2019-03-19 18:55:18 140661550427264 [Note] InnoDB: Waiting for purge to start
2019-03-19 18:55:18 140661550427264 [Note] InnoDB:  Percona XtraDB (http://www.percona.com) 5.6.42-84.2 started; log sequence number 1616767
2019-03-19 18:55:18 140660887779072 [Note] InnoDB: Dumping buffer pool(s) not yet started
2019-03-19 18:55:18 140661550427264 [Note] Plugin 'FEEDBACK' is disabled.
2019-03-19 18:55:18 140661550427264 [Note] Server socket created on IP: '::'.
2019-03-19 18:55:18 140661550427264 [Note] /usr/sbin/mysqld: ready for connections.
Version: '10.1.38-MariaDB-0ubuntu0.18.04.1'  socket: '/var/run/mysqld/mysqld.sock'  port: 3306  Ubuntu 18.04
2019-03-19 19:32:09 140661549377280 [Warning] IP address '196.52.43.131' has been resolved to the host name '196.52.43.131.netsystemsresearch.com', which resembles IPv4-address itself.
2019-03-19 22:47:35 140661549582080 [Warning] IP address '45.199.154.156' could not be resolved: Name or service not known
2019-03-20  5:18:32 140661549786880 [Warning] IP address '220.176.247.127' could not be resolved: Name or service not known
2019-03-20 13:59:18 140661501724416 [Note] /usr/sbin/mysqld: Normal shutdown
2019-03-20 13:59:18 140661501724416 [Note] Event Scheduler: Purging the queue. 0 events
2019-03-20 13:59:18 140660946474752 [Note] InnoDB: FTS optimize thread exiting.
2019-03-20 13:59:18 140661501724416 [Note] InnoDB: Starting shutdown...
2019-03-20 13:59:19 140661501724416 [Note] InnoDB: Waiting for page_cleaner to finish flushing of buffer pool
2019-03-20 13:59:20 140661501724416 [Note] InnoDB: Shutdown completed; log sequence number 2314085
2019-03-20 13:59:20 140661501724416 [Note] /usr/sbin/mysqld: Shutdown complete

2019-03-20 14:00:03 140182170553472 [Note] InnoDB: innodb_empty_free_list_algorithm has been changed to legacy because of small buffer pool size. In order to use backoff, increase buffer pool at least up to 20MB.

2019-03-20 14:00:03 140182170553472 [Note] InnoDB: Using mutexes to ref count buffer pool pages
2019-03-20 14:00:03 140182170553472 [Note] InnoDB: The InnoDB memory heap is disabled
2019-03-20 14:00:03 140182170553472 [Note] InnoDB: Mutexes and rw_locks use GCC atomic builtins
2019-03-20 14:00:03 140182170553472 [Note] InnoDB: GCC builtin __atomic_thread_fence() is used for memory barrier
2019-03-20 14:00:03 140182170553472 [Note] InnoDB: Compressed tables use zlib 1.2.11
2019-03-20 14:00:03 140182170553472 [Note] InnoDB: Using Linux native AIO
2019-03-20 14:00:03 140182170553472 [Note] InnoDB: Using SSE crc32 instructions
2019-03-20 14:00:03 140182170553472 [Note] InnoDB: Initializing buffer pool, size = 128.0M
2019-03-20 14:00:03 140182170553472 [Note] InnoDB: Completed initialization of buffer pool
2019-03-20 14:00:04 140182170553472 [Note] InnoDB: Highest supported file format is Barracuda.
2019-03-20 14:00:04 140182170553472 [Note] InnoDB: 128 rollback segment(s) are active.
2019-03-20 14:00:04 140182170553472 [Note] InnoDB: Waiting for purge to start
2019-03-20 14:00:04 140182170553472 [Note] InnoDB:  Percona XtraDB (http://www.percona.com) 5.6.42-84.2 started; log sequence number 2314085
2019-03-20 14:00:04 140182170553472 [Note] Plugin 'FEEDBACK' is disabled.
2019-03-20 14:00:04 140181512386304 [Note] InnoDB: Dumping buffer pool(s) not yet started
2019-03-20 14:00:04 140182170553472 [Note] Server socket created on IP: '::'.
2019-03-20 14:00:04 140182170553472 [Note] /usr/sbin/mysqld: ready for connections.
Version: '10.1.38-MariaDB-0ubuntu0.18.04.1'  socket: '/var/run/mysqld/mysqld.sock'  port: 3306  Ubuntu 18.04
2019-03-20 14:20:16 140182169913088 [Warning] IP address '150.109.70.99' could not be resolved: Name or service not known
2019-03-20 18:59:04 140182169913088 [Warning] IP address '196.52.43.109' has been resolved to the host name '196.52.43.109.netsystemsresearch.com', which resembles IPv4-address itself.
2019-03-20 23:02:56 140182169913088 [Warning] Host name 'zg-0301d-46.stretchoid.com' could not be resolved: Name or service not known
2019-03-21  5:04:34 140182169913088 [Warning] IP address '117.145.6.158' could not be resolved: Name or service not known
2019-03-21  6:32:20 140182169913088 [Warning] IP address '113.96.223.207' could not be resolved: Temporary failure in name resolution
2019-03-21  6:32:20 140182169708288 [Warning] IP address '113.96.223.207' could not be resolved: Temporary failure in name resolution
2019-03-21  6:32:20 140182169298688 [Warning] IP address '113.96.223.207' could not be resolved: Temporary failure in name resolution
2019-03-21  6:32:20 140182169503488 [Warning] IP address '113.96.223.207' could not be resolved: Temporary failure in name resolution
2019-03-21  8:26:17 140182169913088 [Warning] Host name 'hostby.fcloud.biz' could not be resolved: Name or service not known
2019-03-21 17:56:02 140182169708288 [Warning] IP address '31.184.193.100' could not be resolved: Name or service not known
2019-03-21 19:10:18 140182169708288 [Warning] IP address '196.52.43.92' has been resolved to the host name '196.52.43.92.netsystemsresearch.com', which resembles IPv4-address itself.
